<?xml version="1.0" encoding="utf-8"?><testsuites name="pytest tests"><testsuite name="pytest" errors="0" failures="0" skipped="0" tests="10" time="2.502" timestamp="2026-07-22T13:45:14.429099+00:00" hostname="agent-env-a255f26a-070b-491f-bf8d-0c70408ee8f9"><testcase classname="tests.backend_test.TestAuth" name="test_login_success" time="0.754" /><testcase classname="tests.backend_test.TestCRM" name="test_create_and_list_client" time="1.084" /><testcase classname="tests.backend_test.TestAuth" name="test_login_invalid" time="0.326" /><testcase classname="tests.backend_test.TestAuth" name="test_register_and_me" time="0.412" /><testcase classname="tests.backend_test.TestCRM" name="test_create_and_list_lead" time="0.379" /><testcase classname="tests.backend_test.TestDashboard" name="test_stats" time="0.086" /><testcase classname="tests.backend_test.TestAuth" name="test_register_duplicate" time="0.126" /><testcase classname="tests.backend_test.TestProjects" name="test_create_and_list_project" time="0.371" /><testcase classname="tests.backend_test.TestAuth" name="test_me_unauth" time="0.125" /><testcase classname="tests.backend_test.TestLogout" name="test_logout" time="0.076" /></testsuite></testsuites>