<?xml version="1.0" encoding="utf-8"?><testsuites name="pytest tests"><testsuite name="pytest" errors="0" failures="0" skipped="0" tests="10" time="2.755" timestamp="2026-07-22T13:36:33.492048+00:00" hostname="agent-env-a255f26a-070b-491f-bf8d-0c70408ee8f9"><testcase classname="tests.backend_test.TestAuth" name="test_login_success" time="0.739" /><testcase classname="tests.backend_test.TestAuth" name="test_login_invalid" time="0.441" /><testcase classname="tests.backend_test.TestCRM" name="test_create_and_list_client" time="1.261" /><testcase classname="tests.backend_test.TestAuth" name="test_register_and_me" time="0.471" /><testcase classname="tests.backend_test.TestCRM" name="test_create_and_list_lead" time="0.399" /><testcase classname="tests.backend_test.TestAuth" name="test_register_duplicate" time="0.075" /><testcase classname="tests.backend_test.TestDashboard" name="test_stats" time="0.090" /><testcase classname="tests.backend_test.TestAuth" name="test_me_unauth" time="0.073" /><testcase classname="tests.backend_test.TestProjects" name="test_create_and_list_project" time="0.527" /><testcase classname="tests.backend_test.TestLogout" name="test_logout" time="0.429" /></testsuite></testsuites>