<?xml version="1.0" encoding="utf-8"?><testsuites name="pytest tests"><testsuite name="pytest" errors="0" failures="1" skipped="0" tests="29" time="6.404" timestamp="2026-07-22T14:23:15.365820+00:00" hostname="agent-env-a255f26a-070b-491f-bf8d-0c70408ee8f9"><testcase classname="tests.backend_test.TestAuth" name="test_login_success" time="0.663" /><testcase classname="tests.backend_test.TestHR" name="test_create_department" time="0.971" /><testcase classname="tests.backend_test.TestAuth" name="test_login_invalid" time="0.302" /><testcase classname="tests.backend_test.TestAuth" name="test_register_and_me" time="0.391" /><testcase classname="tests.backend_test.TestHR" name="test_create_employee" time="0.408" /><testcase classname="tests.backend_test.TestAuth" name="test_register_duplicate" time="0.076" /><testcase classname="tests.backend_test.TestHR" name="test_create_leave" time="0.206" /><testcase classname="tests.backend_test.TestAuth" name="test_me_unauth" time="0.074" /><testcase classname="tests.backend_test.TestFinance" name="test_create_transaction" time="0.470" /><testcase classname="tests.backend_test.TestFounderOffice" name="test_overview" time="0.622" /><testcase classname="tests.backend_test.TestFinance" name="test_create_invoice" time="0.168" /><testcase classname="tests.backend_test.TestFounderOffice" name="test_strategy" time="0.153" /><testcase classname="tests.backend_test.TestFinance" name="test_finance_summary" time="0.120" /><testcase classname="tests.backend_test.TestFounderOffice" name="test_checklist_full_flow" time="0.493" /><testcase classname="tests.backend_test.TestCRM" name="test_create_and_list_client" time="0.166" /><testcase classname="tests.backend_test.TestCRM" name="test_create_and_list_lead" time="0.195" /><testcase classname="tests.backend_test.TestSupport" name="test_ticket_crud" time="0.488" /><testcase classname="tests.backend_test.TestAdmin" name="test_admin_stats" time="0.110" /><testcase classname="tests.backend_test.TestAdmin" name="test_admin_update_and_delete_user" time="0.549" /><testcase classname="tests.backend_test.TestSupport" name="test_kb_article" time="0.170" /><testcase classname="tests.backend_test.TestDashboard" name="test_stats" time="0.140" /><testcase classname="tests.backend_test.TestProjects" name="test_create_and_list_project" time="0.476" /><testcase classname="tests.backend_test.TestCalendar" name="test_create_and_list_event" time="0.204" /><testcase classname="tests.backend_test.TestAI" name="test_ai_message" time="1.397" /><testcase classname="tests.backend_test.TestDocuments" name="test_create_and_list_document" time="0.189" /><testcase classname="tests.backend_test.TestMessages" name="test_create_channel_and_send_message" time="0.263"><failure message="AssertionError: {&quot;detail&quot;:[{&quot;type&quot;:&quot;missing&quot;,&quot;loc&quot;:[&quot;body&quot;,&quot;sender_id&quot;],&quot;msg&quot;:&quot;Field required&quot;,&quot;input&quot;:{&quot;content&quot;:&quot;hello world&quot;,&quot;channel_id&quot;:&quot;ch_2ab1cbbc5cba&quot;},&quot;url&quot;:&quot;https://errors.pydantic.dev/2.13/v/missing&quot;}]}&#10;assert 422 == 200&#10; +  where 422 = &lt;Response [422]&gt;.status_code">backend/tests/backend_test.py:297: in test_create_channel_and_send_message
    assert r3.status_code == 200, r3.text
E   AssertionError: {"detail":[{"type":"missing","loc":["body","sender_id"],"msg":"Field required","input":{"content":"hello world","channel_id":"ch_2ab1cbbc5cba"},"url":"https://errors.pydantic.dev/2.13/v/missing"}]}
E   assert 422 == 200
E    +  where 422 = &lt;Response [422]&gt;.status_code</failure></testcase><testcase classname="tests.backend_test.TestLogout" name="test_logout" time="0.070" /><testcase classname="tests.backend_test.TestWebsiteBuilder" name="test_website_pages_publish" time="0.652" /><testcase classname="tests.backend_test.TestClientPortal" name="test_overview" time="0.087" /></testsuite></testsuites>