<?xml version="1.0" encoding="utf-8"?><testsuites name="pytest tests"><testsuite name="pytest" errors="0" failures="0" skipped="0" tests="27" time="11.235" timestamp="2026-07-22T15:59:23.413158+00:00" hostname="agent-env-a255f26a-070b-491f-bf8d-0c70408ee8f9"><testcase classname="tests.test_iter5_admin.TestSeedLoginUsername" name="test_login_by_username[Ark-2010@-ark@webbuilder.com-owner]" time="0.603" /><testcase classname="tests.test_iter5_admin.TestSeedLoginUsername" name="test_login_by_username[Utkarsh-2010#-utkarsh@webbuilder.com-owner]" time="0.312" /><testcase classname="tests.test_iter5_admin.TestSeedLoginUsername" name="test_login_by_username[IOS-2001009@-admin@webbuilder.com-admin]" time="0.311" /><testcase classname="tests.test_iter5_admin.TestSeedLoginUsername" name="test_login_by_username[Manglam-8080@-manglam@webbuilder.com-manager]" time="0.310" /><testcase classname="tests.test_iter5_admin.TestSeedLoginUsername" name="test_login_by_username[Astha-2010&amp;-astha@webbuilder.com-manager]" time="0.416" /><testcase classname="tests.test_iter5_admin.TestSeedLoginUsername" name="test_login_by_username[shubham-2010+-shubham@webbuilder.com-manager]" time="0.307" /><testcase classname="tests.test_iter5_admin.TestSeedLoginEmail" name="test_login_by_email[Ark-2010@-ark@webbuilder.com-owner]" time="0.302" /><testcase classname="tests.test_iter5_admin.TestSeedLoginEmail" name="test_login_by_email[Utkarsh-2010#-utkarsh@webbuilder.com-owner]" time="0.328" /><testcase classname="tests.test_iter5_admin.TestSeedLoginEmail" name="test_login_by_email[IOS-2001009@-admin@webbuilder.com-admin]" time="0.343" /><testcase classname="tests.test_iter5_admin.TestSeedLoginEmail" name="test_login_by_email[Manglam-8080@-manglam@webbuilder.com-manager]" time="0.310" /><testcase classname="tests.test_iter5_admin.TestSeedLoginEmail" name="test_login_by_email[Astha-2010&amp;-astha@webbuilder.com-manager]" time="0.300" /><testcase classname="tests.test_iter5_admin.TestSeedLoginEmail" name="test_login_by_email[shubham-2010+-shubham@webbuilder.com-manager]" time="0.317" /><testcase classname="tests.test_iter5_admin.TestCaseInsensitive" name="test_lowercase" time="0.308" /><testcase classname="tests.test_iter5_admin.TestCaseInsensitive" name="test_uppercase" time="0.298" /><testcase classname="tests.test_iter5_admin.TestObsolete" name="test_obsolete_fail[Tech]" time="0.081" /><testcase classname="tests.test_iter5_admin.TestObsolete" name="test_obsolete_fail[Finance]" time="0.078" /><testcase classname="tests.test_iter5_admin.TestObsolete" name="test_obsolete_fail[Collab]" time="0.101" /><testcase classname="tests.test_iter5_admin.TestAdminEndpoints" name="test_list_users" time="0.535" /><testcase classname="tests.test_iter5_admin.TestAdminEndpoints" name="test_list_sessions" time="0.079" /><testcase classname="tests.test_iter5_admin.TestAdminEndpoints" name="test_update_user_job_title_persists" time="0.277" /><testcase classname="tests.test_iter5_admin.TestAdminEndpoints" name="test_change_username_and_login" time="0.870" /><testcase classname="tests.test_iter5_admin.TestAdminEndpoints" name="test_username_uniqueness" time="0.087" /><testcase classname="tests.test_iter5_admin.TestAdminEndpoints" name="test_reset_password_custom" time="1.506" /><testcase classname="tests.test_iter5_admin.TestAdminEndpoints" name="test_reset_password_autogenerate" time="0.901" /><testcase classname="tests.test_iter5_admin.TestAdminEndpoints" name="test_toggle_status_blocks_login" time="0.754" /><testcase classname="tests.test_iter5_admin.TestAdminEndpoints" name="test_force_logout" time="0.572" /><testcase classname="tests.test_iter5_admin.TestAdminEndpoints" name="test_revoke_session_by_token_prefix" time="0.546" /></testsuite></testsuites>